
**** Clean-only build of configuration Debug for project arafe_slave_tester ****

"C:\\ti\\ccsv6\\utils\\bin\\gmake" -k clean 
DEL /F  "arafe_slave_tester.out"  "arafe_slave_tester.hex" 
DEL /F "arafe.d" "cli.d" "cli_commands.d" "event2.d" "main.d" "timer_uart.d" "usci_uart.d" 
DEL /F "arafe.obj" "cli.obj" "cli_commands.obj" "event2.obj" "event2_asm.obj" "main.obj" "timer_uart.obj" "timer_uart_asm.obj" "usci_uart.obj" "usci_uart_asm.obj" 
DEL /F "event2_asm.d" "timer_uart_asm.d" "usci_uart_asm.d" 
Could Not Find C:\Users\ara\git\arafe_slave_tester\arafe_slave_tester\Debug\arafe_slave_tester.out
Could Not Find C:\Users\ara\git\arafe_slave_tester\arafe_slave_tester\Debug\arafe.obj
Could Not Find C:\Users\ara\git\arafe_slave_tester\arafe_slave_tester\Debug\event2_asm.d
'Finished clean'
' '

**** Build Finished ****

**** Build of configuration Debug for project arafe_slave_tester ****

"C:\\ti\\ccsv6\\utils\\bin\\gmake" -k all 
'Building file: ../arafe.c'
'Invoking: MSP430 Compiler'
"C:/ti/ccsv6/tools/compiler/ti-cgt-msp430_15.12.1.LTS/bin/cl430" -vmsp --use_hw_mpy=none --include_path="C:/ti/ccsv6/ccs_base/msp430/include" --include_path="C:/ti/ccsv6/tools/compiler/ti-cgt-msp430_15.12.1.LTS/include" --advice:power=all -g --define=__MSP430G2553__ --display_error_number --diag_warning=225 --diag_wrap=off --printf_support=minimal --preproc_with_compile --preproc_dependency="arafe.d"  "../arafe.c"
"../arafe.c", line 63: remark #1527-D: (ULP 2.1) Detected SW delay loop using __delay_cycles. Recommend using a timer module instead
"../arafe.c", line 128: remark #1527-D: (ULP 2.1) Detected SW delay loop using __delay_cycles. Recommend using a timer module instead
"../arafe.c", line 128: remark #1527-D: (ULP 2.1) Detected SW delay loop using __delay_cycles. Recommend using a timer module instead
'Finished building: ../arafe.c'
' '
'Building file: ../cli.c'
'Invoking: MSP430 Compiler'
"C:/ti/ccsv6/tools/compiler/ti-cgt-msp430_15.12.1.LTS/bin/cl430" -vmsp --use_hw_mpy=none --include_path="C:/ti/ccsv6/ccs_base/msp430/include" --include_path="C:/ti/ccsv6/tools/compiler/ti-cgt-msp430_15.12.1.LTS/include" --advice:power=all -g --define=__MSP430G2553__ --display_error_number --diag_warning=225 --diag_wrap=off --printf_support=minimal --preproc_with_compile --preproc_dependency="cli.d"  "../cli.c"
"../cli.c", line 194: remark #1544-D: (ULP 13.1) Detected loop counting up. Recommend loops count down as detecting zeros is easier
"../cli.c", line 194: remark #1544-D: (ULP 13.1) Detected loop counting up. Recommend loops count down as detecting zeros is easier
"../cli.c", line 194: remark #1544-D: (ULP 13.1) Detected loop counting up. Recommend loops count down as detecting zeros is easier
'Finished building: ../cli.c'
' '
'Building file: ../cli_commands.c'
'Invoking: MSP430 Compiler'
"C:/ti/ccsv6/tools/compiler/ti-cgt-msp430_15.12.1.LTS/bin/cl430" -vmsp --use_hw_mpy=none --include_path="C:/ti/ccsv6/ccs_base/msp430/include" --include_path="C:/ti/ccsv6/tools/compiler/ti-cgt-msp430_15.12.1.LTS/include" --advice:power=all -g --define=__MSP430G2553__ --display_error_number --diag_warning=225 --diag_wrap=off --printf_support=minimal --preproc_with_compile --preproc_dependency="cli_commands.d"  "../cli_commands.c"
'Finished building: ../cli_commands.c'
' '
'Building file: ../event2.c'
'Invoking: MSP430 Compiler'
"C:/ti/ccsv6/tools/compiler/ti-cgt-msp430_15.12.1.LTS/bin/cl430" -vmsp --use_hw_mpy=none --include_path="C:/ti/ccsv6/ccs_base/msp430/include" --include_path="C:/ti/ccsv6/tools/compiler/ti-cgt-msp430_15.12.1.LTS/include" --advice:power=all -g --define=__MSP430G2553__ --display_error_number --diag_warning=225 --diag_wrap=off --printf_support=minimal --preproc_with_compile --preproc_dependency="event2.d"  "../event2.c"
'Finished building: ../event2.c'
' '
'Building file: ../event2_asm.asm'
'Invoking: MSP430 Compiler'
"C:/ti/ccsv6/tools/compiler/ti-cgt-msp430_15.12.1.LTS/bin/cl430" -vmsp --use_hw_mpy=none --include_path="C:/ti/ccsv6/ccs_base/msp430/include" --include_path="C:/ti/ccsv6/tools/compiler/ti-cgt-msp430_15.12.1.LTS/include" --advice:power=all -g --define=__MSP430G2553__ --display_error_number --diag_warning=225 --diag_wrap=off --printf_support=minimal --preproc_with_compile --preproc_dependency="event2_asm.d"  "../event2_asm.asm"
'Finished building: ../event2_asm.asm'
' '
'Building file: ../main.c'
'Invoking: MSP430 Compiler'
"C:/ti/ccsv6/tools/compiler/ti-cgt-msp430_15.12.1.LTS/bin/cl430" -vmsp --use_hw_mpy=none --include_path="C:/ti/ccsv6/ccs_base/msp430/include" --include_path="C:/ti/ccsv6/tools/compiler/ti-cgt-msp430_15.12.1.LTS/include" --advice:power=all -g --define=__MSP430G2553__ --display_error_number --diag_warning=225 --diag_wrap=off --printf_support=minimal --preproc_with_compile --preproc_dependency="main.d"  "../main.c"
"../main.c", line 36: remark #1535-D: (ULP 8.1) variable "sent_already" is used as a constant. Recommend declaring variable as either 'static const' or 'const'
"..\event2.h", line 128 (col. 2): warning #2591-D: Intrinsic __get_R4_register is deprecated
'Finished building: ../main.c'
' '
'Building file: ../timer_uart.c'
'Invoking: MSP430 Compiler'
"C:/ti/ccsv6/tools/compiler/ti-cgt-msp430_15.12.1.LTS/bin/cl430" -vmsp --use_hw_mpy=none --include_path="C:/ti/ccsv6/ccs_base/msp430/include" --include_path="C:/ti/ccsv6/tools/compiler/ti-cgt-msp430_15.12.1.LTS/include" --advice:power=all -g --define=__MSP430G2553__ --display_error_number --diag_warning=225 --diag_wrap=off --printf_support=minimal --preproc_with_compile --preproc_dependency="timer_uart.d"  "../timer_uart.c"
'Finished building: ../timer_uart.c'
' '
'Building file: ../timer_uart_asm.asm'
'Invoking: MSP430 Compiler'
"C:/ti/ccsv6/tools/compiler/ti-cgt-msp430_15.12.1.LTS/bin/cl430" -vmsp --use_hw_mpy=none --include_path="C:/ti/ccsv6/ccs_base/msp430/include" --include_path="C:/ti/ccsv6/tools/compiler/ti-cgt-msp430_15.12.1.LTS/include" --advice:power=all -g --define=__MSP430G2553__ --display_error_number --diag_warning=225 --diag_wrap=off --printf_support=minimal --preproc_with_compile --preproc_dependency="timer_uart_asm.d"  "../timer_uart_asm.asm"
'Finished building: ../timer_uart_asm.asm'
' '
'Building file: ../usci_uart.c'
'Invoking: MSP430 Compiler'
"C:/ti/ccsv6/tools/compiler/ti-cgt-msp430_15.12.1.LTS/bin/cl430" -vmsp --use_hw_mpy=none --include_path="C:/ti/ccsv6/ccs_base/msp430/include" --include_path="C:/ti/ccsv6/tools/compiler/ti-cgt-msp430_15.12.1.LTS/include" --advice:power=all -g --define=__MSP430G2553__ --display_error_number --diag_warning=225 --diag_wrap=off --printf_support=minimal --preproc_with_compile --preproc_dependency="usci_uart.d"  "../usci_uart.c"
"..\usci_uart.h", line 39: remark #1535-D: (ULP 8.1) variable "usci_uart_rx_buffer_write_ptr" is used as a constant. Recommend declaring variable as either 'static const' or 'const'
'Finished building: ../usci_uart.c'
' '
'Building file: ../usci_uart_asm.asm'
'Invoking: MSP430 Compiler'
"C:/ti/ccsv6/tools/compiler/ti-cgt-msp430_15.12.1.LTS/bin/cl430" -vmsp --use_hw_mpy=none --include_path="C:/ti/ccsv6/ccs_base/msp430/include" --include_path="C:/ti/ccsv6/tools/compiler/ti-cgt-msp430_15.12.1.LTS/include" --advice:power=all -g --define=__MSP430G2553__ --display_error_number --diag_warning=225 --diag_wrap=off --printf_support=minimal --preproc_with_compile --preproc_dependency="usci_uart_asm.d"  "../usci_uart_asm.asm"
'Finished building: ../usci_uart_asm.asm'
' '
'Building target: arafe_slave_tester.out'
'Invoking: MSP430 Linker'
"C:/ti/ccsv6/tools/compiler/ti-cgt-msp430_15.12.1.LTS/bin/cl430" -vmsp --use_hw_mpy=none --advice:power=all -g --define=__MSP430G2553__ --display_error_number --diag_warning=225 --diag_wrap=off --printf_support=minimal -z -m"arafe_slave_tester.map" --stack_size=80 --heap_size=80 -i"C:/ti/ccsv6/ccs_base/msp430/include" -i"C:/ti/ccsv6/tools/compiler/ti-cgt-msp430_15.12.1.LTS/lib" -i"C:/ti/ccsv6/tools/compiler/ti-cgt-msp430_15.12.1.LTS/include" --reread_libs --display_error_number --diag_wrap=off --warn_sections --xml_link_info="arafe_slave_tester_linkInfo.xml" --use_hw_mpy=none --rom_model -o "arafe_slave_tester.out" "./arafe.obj" "./cli.obj" "./cli_commands.obj" "./event2.obj" "./event2_asm.obj" "./main.obj" "./timer_uart.obj" "./timer_uart_asm.obj" "./usci_uart.obj" "./usci_uart_asm.obj" "../lnk_msp430g2553.cmd"  -llibc.a 
<Linking>
remark #10372-D: (ULP 4.1) Detected uninitialized Port 2 in this project. Recommend initializing all unused ports to eliminate wasted current consumption on unused pins.
remark #10372-D: (ULP 4.1) Detected uninitialized Port 3 in this project. Recommend initializing all unused ports to eliminate wasted current consumption on unused pins.
'Finished building target: arafe_slave_tester.out'
' '

**** Build Finished ****
